<?xml version="1.0" encoding="UTF-8"?>
<robot generator="Robot 4.1.1 (Python 3.9.7 on win32)" generated="20211012 23:32:10.494" rpa="false" schemaversion="2">
<suite id="s1" name="BuiltIIn" source="C:\Users\TGS\Documents\Project-6-10\BuiltIIn.robot">
<test id="s1-t1" name="Test title">
<kw name="Log To Console" library="BuiltIn">
<arg>message</arg>
<doc>Logs the given message to the console.</doc>
<status status="PASS" starttime="20211012 23:32:10.845" endtime="20211012 23:32:10.845"/>
</kw>
<kw name="Log To Console" library="BuiltIn">
<arg>end</arg>
<doc>Logs the given message to the console.</doc>
<status status="PASS" starttime="20211012 23:32:10.846" endtime="20211012 23:32:10.846"/>
</kw>
<kw name="Create Dictionary" library="BuiltIn">
<var>&amp;{dic}</var>
<arg>abc=1</arg>
<arg>cde=2</arg>
<doc>Creates and returns a dictionary based on the given ``items``.</doc>
<msg timestamp="20211012 23:32:10.847" level="INFO">&amp;{dic} = { abc=1 | cde=2 }</msg>
<status status="PASS" starttime="20211012 23:32:10.847" endtime="20211012 23:32:10.847"/>
</kw>
<kw name="Log Many" library="BuiltIn">
<arg>${dic.cde}</arg>
<doc>Logs the given messages as separate entries using the INFO level.</doc>
<msg timestamp="20211012 23:32:10.848" level="INFO">2</msg>
<status status="PASS" starttime="20211012 23:32:10.848" endtime="20211012 23:32:10.848"/>
</kw>
<kw name="Create List" library="BuiltIn">
<var>@{list}</var>
<arg>hoc</arg>
<arg>sinh</arg>
<arg>lop</arg>
<arg>2</arg>
<doc>Returns a list containing given items.</doc>
<msg timestamp="20211012 23:32:10.849" level="INFO">@{list} = [ hoc | sinh | lop | 2 ]</msg>
<status status="PASS" starttime="20211012 23:32:10.849" endtime="20211012 23:32:10.849"/>
</kw>
<kw name="Log To Console" library="BuiltIn">
<arg>${list}</arg>
<doc>Logs the given message to the console.</doc>
<status status="PASS" starttime="20211012 23:32:10.849" endtime="20211012 23:32:10.850"/>
</kw>
<status status="PASS" starttime="20211012 23:32:10.844" endtime="20211012 23:32:10.851"/>
</test>
<status status="PASS" starttime="20211012 23:32:10.496" endtime="20211012 23:32:10.852"/>
</suite>
<statistics>
<total>
<stat pass="1" fail="0" skip="0">All Tests</stat>
</total>
<tag>
</tag>
<suite>
<stat pass="1" fail="0" skip="0" id="s1" name="BuiltIIn">BuiltIIn</stat>
</suite>
</statistics>
<errors>
</errors>
</robot>
