<?xml version="1.0" encoding="UTF-8"?>
<robot generator="Robot 4.1.1 (Python 3.9.7 on win32)" generated="20211012 23:09:03.054" rpa="false" schemaversion="2">
<suite id="s1" name="TC5" source="C:\Users\TGS\Documents\Project-6-10\TC5.robot">
<test id="s1-t1" name="Test title">
<kw name="NoiTenTheo &quot;separator&quot;" sourcename="NoiTenTheo &quot;${key}&quot;">
<kw name="Run Keyword If" library="BuiltIn">
<arg>'${key}'==''</arg>
<arg>Catenate1</arg>
<doc>Runs the given keyword with the given arguments, if ``condition`` is true.</doc>
<status status="PASS" starttime="20211012 23:09:03.320" endtime="20211012 23:09:03.320"/>
</kw>
<kw name="Run Keyword If" library="BuiltIn">
<arg>'${key}'=='separator'</arg>
<arg>Catenate2</arg>
<doc>Runs the given keyword with the given arguments, if ``condition`` is true.</doc>
<kw name="Catenate2">
<kw name="Catenate" library="BuiltIn">
<var>${name1}</var>
<arg>SEPARATOR=</arg>
<arg>Trinh</arg>
<arg>ta</arg>
<doc>Catenates the given items together and returns the resulted string.</doc>
<msg timestamp="20211012 23:09:03.320" level="INFO">${name1} = Trinhta</msg>
<status status="PASS" starttime="20211012 23:09:03.320" endtime="20211012 23:09:03.320"/>
</kw>
<kw name="Log To Console" library="BuiltIn">
<arg>${name1}</arg>
<doc>Logs the given message to the console.</doc>
<status status="PASS" starttime="20211012 23:09:03.320" endtime="20211012 23:09:03.320"/>
</kw>
<status status="PASS" starttime="20211012 23:09:03.320" endtime="20211012 23:09:03.320"/>
</kw>
<status status="PASS" starttime="20211012 23:09:03.320" endtime="20211012 23:09:03.320"/>
</kw>
<status status="PASS" starttime="20211012 23:09:03.320" endtime="20211012 23:09:03.320"/>
</kw>
<kw name="NoiTenTheo &quot;&quot;" sourcename="NoiTenTheo &quot;${key}&quot;">
<kw name="Run Keyword If" library="BuiltIn">
<arg>'${key}'==''</arg>
<arg>Catenate1</arg>
<doc>Runs the given keyword with the given arguments, if ``condition`` is true.</doc>
<kw name="Catenate1">
<kw name="Catenate" library="BuiltIn">
<var>${name}</var>
<arg>Trinh</arg>
<arg>Ta</arg>
<doc>Catenates the given items together and returns the resulted string.</doc>
<msg timestamp="20211012 23:09:03.320" level="INFO">${name} = Trinh Ta</msg>
<status status="PASS" starttime="20211012 23:09:03.320" endtime="20211012 23:09:03.320"/>
</kw>
<kw name="Log To Console" library="BuiltIn">
<arg>${name}</arg>
<doc>Logs the given message to the console.</doc>
<status status="PASS" starttime="20211012 23:09:03.320" endtime="20211012 23:09:03.320"/>
</kw>
<status status="PASS" starttime="20211012 23:09:03.320" endtime="20211012 23:09:03.320"/>
</kw>
<status status="PASS" starttime="20211012 23:09:03.320" endtime="20211012 23:09:03.320"/>
</kw>
<kw name="Run Keyword If" library="BuiltIn">
<arg>'${key}'=='separator'</arg>
<arg>Catenate2</arg>
<doc>Runs the given keyword with the given arguments, if ``condition`` is true.</doc>
<status status="PASS" starttime="20211012 23:09:03.320" endtime="20211012 23:09:03.320"/>
</kw>
<status status="PASS" starttime="20211012 23:09:03.320" endtime="20211012 23:09:03.320"/>
</kw>
<status status="PASS" starttime="20211012 23:09:03.320" endtime="20211012 23:09:03.320"/>
</test>
<status status="PASS" starttime="20211012 23:09:03.054" endtime="20211012 23:09:03.320"/>
</suite>
<statistics>
<total>
<stat pass="1" fail="0" skip="0">All Tests</stat>
</total>
<tag>
</tag>
<suite>
<stat pass="1" fail="0" skip="0" id="s1" name="TC5">TC5</stat>
</suite>
</statistics>
<errors>
</errors>
</robot>
